<?xml version="1.0" encoding="UTF-8"?>
<TestRun id="a48ef622-6873-48f3-8adf-adf66d9c44f4" name="Hambeere@HAMBEERE-PC 2013-08-23 01:47:43" runUser="Hambeere-PC\Hambeere" xmlns="http://microsoft.com/schemas/VisualStudio/TeamTest/2010">
  <TestSettings name="Local" id="cbba068f-ca6b-4d32-97d5-f4739766905c">
    <Description>These are default test settings for a local test run.</Description>
    <Deployment enabled="false" runDeploymentRoot="Hambeere_HAMBEERE-PC 2013-08-23 01_47_43">
      <DeploymentItem filename="D:\ATeam\Illusion\DataAccess\Sales.EDM\bin\Debug\Sales.EDM.dll" />
      <DeploymentItem filename="D:\ATeam\Illusion\DataAccess\Sales.DAL\bin\Debug\Sales.DAL.dll" />
      <DeploymentItem filename="D:\ATeam\Illusion\DataAccess\Sales.DALInterface\bin\Debug\Sales.DALInterface.dll" />
    </Deployment>
    <Execution>
      <TestTypeSpecific />
      <AgentRule name="Execution Agents">
      </AgentRule>
    </Execution>
  </TestSettings>
  <Times creation="2013-08-23T01:47:43.5430482+05:30" queuing="2013-08-23T01:47:43.5850506+05:30" start="2013-08-23T01:47:43.5980514+05:30" finish="2013-08-23T01:47:43.9900738+05:30" />
  <ResultSummary outcome="Completed">
    <Counters total="1" executed="1" passed="1" error="0" failed="0" timeout="0" aborted="0" inconclusive="0" passedButRunAborted="0" notRunnable="0" notExecuted="0" disconnected="0" warning="0" completed="0" inProgress="0" pending="0" />
  </ResultSummary>
  <TestDefinitions>
    <UnitTest name="GetAllStore" storage="d:\ateam\illusion\tests\dataaccesstest\salesdataaccesstest\bin\debug\salesdataaccesstest.dll" id="a6b2b98c-ed0a-001e-1229-39554a874f3f">
      <Execution id="1d2ae268-351d-42e5-ace9-2705f4f5634b" />
      <TestMethod codeBase="D:/ATeam/Illusion/Tests/DataAccessTest/SalesDataAccessTest/bin/Debug/SalesDataAccessTest.DLL" adapterTypeName="Microsoft.VisualStudio.TestTools.TestTypes.Unit.UnitTestAdapter, Microsoft.VisualStudio.QualityTools.Tips.UnitTest.Adapter, Version=10.0.0.0, Culture=neutral, PublicKeyToken=b03f5f7f11d50a3a" className="SalesDataAccessTest.SalesDALTest, SalesDataAccessTest, Version=1.0.0.0, Culture=neutral, PublicKeyToken=null" name="GetAllStore" />
    </UnitTest>
  </TestDefinitions>
  <TestLists>
    <TestList name="Results Not in a List" id="8c84fa94-04c1-424b-9868-57a2d4851a1d" />
    <TestList name="All Loaded Results" id="19431567-8539-422a-85d7-44ee4e166bda" />
  </TestLists>
  <TestEntries>
    <TestEntry testId="a6b2b98c-ed0a-001e-1229-39554a874f3f" executionId="1d2ae268-351d-42e5-ace9-2705f4f5634b" testListId="8c84fa94-04c1-424b-9868-57a2d4851a1d" />
  </TestEntries>
  <Results>
    <UnitTestResult executionId="1d2ae268-351d-42e5-ace9-2705f4f5634b" testId="a6b2b98c-ed0a-001e-1229-39554a874f3f" testName="GetAllStore" computerName="HAMBEERE-PC" duration="00:00:00.1462038" startTime="2013-08-23T01:47:43.6190526+05:30" endTime="2013-08-23T01:47:43.9500715+05:30" testType="13cdc9d9-ddb5-4fa4-a97d-d965ccfc6d4b" outcome="Passed" testListId="8c84fa94-04c1-424b-9868-57a2d4851a1d" relativeResultsDirectory="1d2ae268-351d-42e5-ace9-2705f4f5634b">
    </UnitTestResult>
  </Results>
</TestRun>