<?xml version="1.0" encoding="UTF-8"?>
<TestRun id="24478cf7-a29b-46ad-bdb0-e82752136870" name="Hambeere@HAMBEERE-PC 2013-08-23 01:44:18" runUser="Hambeere-PC\Hambeere" xmlns="http://microsoft.com/schemas/VisualStudio/TeamTest/2010">
  <TestSettings name="Local" id="cbba068f-ca6b-4d32-97d5-f4739766905c">
    <Description>These are default test settings for a local test run.</Description>
    <Deployment enabled="false" runDeploymentRoot="Hambeere_HAMBEERE-PC 2013-08-23 01_44_18">
      <DeploymentItem filename="D:\ATeam\Illusion\DataAccess\Sales.EDM\bin\Debug\Sales.EDM.dll" />
      <DeploymentItem filename="D:\ATeam\Illusion\DataAccess\Sales.DAL\bin\Debug\Sales.DAL.dll" />
      <DeploymentItem filename="D:\ATeam\Illusion\DataAccess\Sales.DALInterface\bin\Debug\Sales.DALInterface.dll" />
    </Deployment>
    <Execution>
      <TestTypeSpecific />
      <AgentRule name="Execution Agents">
      </AgentRule>
    </Execution>
  </TestSettings>
  <Times creation="2013-08-23T01:44:18.3963145+05:30" queuing="2013-08-23T01:44:18.4353167+05:30" start="2013-08-23T01:44:18.4583181+05:30" finish="2013-08-23T01:44:18.8083381+05:30" />
  <ResultSummary outcome="Completed">
    <Counters total="1" executed="1" passed="1" error="0" failed="0" timeout="0" aborted="0" inconclusive="0" passedButRunAborted="0" notRunnable="0" notExecuted="0" disconnected="0" warning="0" completed="0" inProgress="0" pending="0" />
  </ResultSummary>
  <TestDefinitions>
    <UnitTest name="GetAllContacts" storage="d:\ateam\illusion\tests\dataaccesstest\salesdataaccesstest\bin\debug\salesdataaccesstest.dll" id="0f591be0-7ce2-a6fc-89d0-e9726f1d9243">
      <Execution id="13238bbc-4616-47ca-a910-1a8405f75303" />
      <TestMethod codeBase="D:/ATeam/Illusion/Tests/DataAccessTest/SalesDataAccessTest/bin/Debug/SalesDataAccessTest.DLL" adapterTypeName="Microsoft.VisualStudio.TestTools.TestTypes.Unit.UnitTestAdapter, Microsoft.VisualStudio.QualityTools.Tips.UnitTest.Adapter, Version=10.0.0.0, Culture=neutral, PublicKeyToken=b03f5f7f11d50a3a" className="SalesDataAccessTest.SalesDALTest, SalesDataAccessTest, Version=1.0.0.0, Culture=neutral, PublicKeyToken=null" name="GetAllContacts" />
    </UnitTest>
  </TestDefinitions>
  <TestLists>
    <TestList name="Results Not in a List" id="8c84fa94-04c1-424b-9868-57a2d4851a1d" />
    <TestList name="All Loaded Results" id="19431567-8539-422a-85d7-44ee4e166bda" />
  </TestLists>
  <TestEntries>
    <TestEntry testId="0f591be0-7ce2-a6fc-89d0-e9726f1d9243" executionId="13238bbc-4616-47ca-a910-1a8405f75303" testListId="8c84fa94-04c1-424b-9868-57a2d4851a1d" />
  </TestEntries>
  <Results>
    <UnitTestResult executionId="13238bbc-4616-47ca-a910-1a8405f75303" testId="0f591be0-7ce2-a6fc-89d0-e9726f1d9243" testName="GetAllContacts" computerName="HAMBEERE-PC" duration="00:00:00.1259725" startTime="2013-08-23T01:44:18.4623183+05:30" endTime="2013-08-23T01:44:18.7823366+05:30" testType="13cdc9d9-ddb5-4fa4-a97d-d965ccfc6d4b" outcome="Passed" testListId="8c84fa94-04c1-424b-9868-57a2d4851a1d" relativeResultsDirectory="13238bbc-4616-47ca-a910-1a8405f75303">
    </UnitTestResult>
  </Results>
</TestRun>